<?xml version="1.0" encoding="UTF-8"?>
<!-- Generated by org.testng.reporters.JUnitReportReporter -->
<testsuite skipped="0" hostname="DESKTOP-K40N5H6" name="Assignment1.LoginAndPost" tests="1" failures="0" timestamp="2021-04-17T20:19:31 IST" time="40.919" errors="0">
  <testcase name="loginAndPost" time="40.919" classname="Assignment1.LoginAndPost"/>
  <system-out/>
</testsuite> <!-- Assignment1.LoginAndPost -->
