<?xml version="1.0" encoding="UTF-8"?>
<!-- Generated by org.testng.reporters.JUnitReportReporter -->
<testsuite skipped="0" hostname="DESKTOP-K40N5H6" name="Assignment2.ReviewAndTest" tests="1" failures="0" timestamp="2021-04-17T20:19:31 IST" time="43.535" errors="0">
  <testcase name="ReviewAndPost" time="43.535" classname="Assignment2.ReviewAndTest"/>
  <system-out/>
</testsuite> <!-- Assignment2.ReviewAndTest -->
